[LOG] System::create                           : Header version = 1.10.04. Current version = 1.10.04.
[LOG] SystemI::setOutputInternal               : Setting output to 'FMOD WASAPI Output'
[LOG] Manager::init                            : maxchannels = 1024 studioflags = 00000009 flags 00000000 extradriverdata 0000000000000000.
[LOG] SystemI::init                            : Initialize version=11004 (93853), maxchannels=1024, flags=0x00030000
[LOG] OutputWASAPI::init                       : Mix Format (WAVEFORMATEX): wFormatTag=0xFFFE, nChannels=2, nSamplesPerSec=48000, nAvgBytesPerSec=384000, nBlockAlign=8, wBitsPerSample=32, cbSize=22.
[LOG] OutputWASAPI::init                       : Mix Format (WAVEFORMATEXTENSIBLE): wValidBitsPerSample=32, dwChannelMask=0x00000003, SubFormat=00000003-0000-0010-8000-00AA00389B71.
[LOG] OutputWASAPI::init                       : Output buffer size: 4096 samples, latency: 0.00ms, period: 10.00ms, DSP buffer: 1024 * 4
[LOG] Thread::initThread                       : Init FMOD stream thread. Priority: 2, Stack Size: 65536, Semaphore: No, Sleep Time: 10, Looping: Yes.
[LOG] SystemI::DSPCodecPoolRegister            : register codec pool for pool type 5
[LOG] Thread::initThread                       : Init FMOD mixer thread. Priority: 3, Stack Size: 49152, Semaphore: No, Sleep Time: 0, Looping: Yes.
[LOG] AsyncManager::init                       : manager 000000004AB48268 isAsync 1 updatePeriod 0.02
[LOG] Thread::initThread                       : Init FMOD Studio update thread. Priority: 0, Stack Size: 65536, Semaphore: No, Sleep Time: 1, Looping: No.
[LOG] AsyncManager::init                       : done
[LOG] PlaybackSystem::init                     : 
[LOG] Thread::initThread                       : Init FMOD Studio sample load thread. Priority: 0, Stack Size: 65536, Semaphore: No, Sleep Time: 1, Looping: No.
[LOG] PlaybackSystem::init                     : done
[LOG] LiveUpdate::init                         : 
[LOG] Thread::initThread                       : Init FMOD Studio bank load thread. Priority: 0, Stack Size: 65536, Semaphore: No, Sleep Time: 1, Looping: No.
[LOG] Manager::init                            : done.
[LOG] Profile::init                            : Profiler listening on port: 9264
[LOG] Manager::readBank                        : fileversion = 99, compatVersion = 99 (oldest = 44, newest = 100)
[LOG] Manager::readBank                        : fileversion = 99, compatVersion = 99 (oldest = 44, newest = 100)
[LOG] PlaybackSystem::acquireMasterBus         : Setting master channel group format to 6
[LOG] SystemI::createSound                     : filename = Assets\Audio\soundFX_all\Build\Desktop/Master Bank.bank : mode 02010082
[LOG] SystemI::createSound                     : FMOD_NONBLOCKING specified.  Putting into queue to be opened asynchronously!
[LOG] Thread::initThread                       : Init FMOD nonblocking thread (0). Priority: 1, Stack Size: 81920, Semaphore: Yes, Sleep Time: 0, Looping: Yes.
[LOG] SystemI::createSound                     : setdata soundi = 0000000049B16258 : node = 0000000019EEE7E0
[LOG] SystemI::createSound                     : add node to async list : head = 00000000472260A8.  list count = 0
[LOG] AsyncThread::threadFunc                  : Starting Asynchronous operation on sound 0000000049B16258
[LOG] SystemI::createSoundInternal             :     Create name='Assets\Audio\soundFX_all\Build\Desktop/Master Bank.bank', mode=0x02010082
[LOG] SystemI::createSoundInternal             :     exinfo->cbsize             = 232
[LOG] SystemI::createSoundInternal             :     exinfo->length             = 29035488
[LOG] SystemI::createSoundInternal             :     exinfo->fileoffset         = 133344
[LOG] SystemI::createSoundInternal             :     exinfo->numsubsounds       = 1
[LOG] SystemI::createSoundInternal             :     exinfo->inclusionlist      = 0000000019EEE8F8
[LOG] SystemI::createSoundInternal             :     exinfo->inclusionlistnum   = 1
[LOG] SystemI::createSoundInternal             :     exinfo->suggestedsoundtype = 5
[LOG] SystemI::createSoundInternal             :     Create name='', mode=0x02000202
[LOG] SystemI::createSoundInternal             :     exinfo->initialseekpostype = 1
[LOG] SystemI::createSoundInternal             :     exinfo->cbsize             = 232
[LOG] SystemI::createSoundInternal             :     exinfo->length             = 29035488
[LOG] SystemI::createSoundInternal             :     exinfo->fileoffset         = 133344
[LOG] SystemI::createSoundInternal             :     exinfo->numsubsounds       = 1
[LOG] SystemI::createSoundInternal             :     exinfo->inclusionlist      = 000000007266F5FC
[LOG] SystemI::createSoundInternal             :     exinfo->inclusionlistnum   = 1
[LOG] SystemI::createSoundInternal             :     exinfo->suggestedsoundtype = 5
[LOG] SystemI::createSoundInternal             :     exinfo->useropen           = 00007FFD5F71E310
[LOG] SystemI::createSoundInternal             :     exinfo->userclose          = 00007FFD5F71E2E0
[LOG] SystemI::createSoundInternal             :     exinfo->userread           = 00007FFD5F71E3E0
[LOG] SystemI::createSoundInternal             :     exinfo->userseek           = 00007FFD5F71E490
[LOG] SystemI::createSoundInternal             :     exinfo->fileuserdata       = 00000000476E0958
[LOG] SystemI::createSoundInternal             :     exinfo->initialseekpostype = 1
[LOG] SystemI::createSoundInternal             :     Stream 0/1: name='forest', format=2, channels=2, frequency=48000, lengthbytes=2579200, lengthpcm=9648587, pcmblocksize=0, loopstart=0, loopend=0, mode=0x00000000, channelmask=0x00000000, channelorder=0, peakvolume=0.931183.
[LOG] SystemI::DSPCodecPoolRegister            :     register codec pool for pool type 5
[LOG] SystemI::createSoundInternal             :     Sample 0/1: name='dustyroom_multimedia_simple_select_blip', format=2, channels=2, frequency=48000, lengthbytes=960, lengthpcm=8777, pcmblocksize=0, loopstart=0, loopend=0, mode=0x00000000, channelmask=0x00000000, channelorder=0, peakvolume=0.892975.
[LOG] Thread::initThread                       :     Init FMOD file thread. Priority: 1, Stack Size: 16384, Semaphore: No, Sleep Time: 10, Looping: Yes.
[LOG] AsyncThread::threadFunc                  : Finished Asynchronous operation on sound 0000000049B16258
[LOG] SoundI::getSubSound                      : sound 0000000049B16258.  Subsound index 0 / 1
[LOG] SoundI::release                          : forest (0000000049B16258)
[LOG] SoundI::release                          :     forest (0000000047226438)
[LOG] SoundI::release                          :     forest (00000000472DBB38)
[LOG] SystemI::createSoundInternal             : Create name='', mode=0x02000202
[LOG] SystemI::createSoundInternal             : exinfo->cbsize             = 232
[LOG] SystemI::createSoundInternal             : exinfo->length             = 29035488
[LOG] SystemI::createSoundInternal             : exinfo->fileoffset         = 133344
[LOG] SystemI::createSoundInternal             : exinfo->numsubsounds       = 1
[LOG] SystemI::createSoundInternal             : exinfo->inclusionlist      = 000000007266F5FC
[LOG] SystemI::createSoundInternal             : exinfo->inclusionlistnum   = 1
[LOG] SystemI::createSoundInternal             : exinfo->suggestedsoundtype = 5
[LOG] SystemI::createSoundInternal             : exinfo->useropen           = 00007FFD5F71E310
[LOG] SystemI::createSoundInternal             : exinfo->userclose          = 00007FFD5F71E2E0
[LOG] SystemI::createSoundInternal             : exinfo->userread           = 00007FFD5F71E3E0
[LOG] SystemI::createSoundInternal             : exinfo->userseek           = 00007FFD5F71E490
[LOG] SystemI::createSoundInternal             : exinfo->fileuserdata       = 0000000047225338
[LOG] SystemI::createSoundInternal             : exinfo->initialseekpostype = 1
[LOG] SystemI::DSPCodecPoolRegister            : register codec pool for pool type 5
[LOG] SystemI::createSoundInternal             : Sample 0/1: name='zapsplat_multimedia_game_throw_drop_tone_17738', format=2, channels=1, frequency=48000, lengthbytes=3392, lengthpcm=17280, pcmblocksize=0, loopstart=0, loopend=0, mode=0x00000000, channelmask=0x00000000, channelorder=0, peakvolume=0.700989.
[LOG] SystemI::createSoundInternal             : Create name='', mode=0x02000202
[LOG] SystemI::createSoundInternal             : exinfo->cbsize             = 232
[LOG] SystemI::createSoundInternal             : exinfo->length             = 29035488
[LOG] SystemI::createSoundInternal             : exinfo->fileoffset         = 133344
[LOG] SystemI::createSoundInternal             : exinfo->numsubsounds       = 1
[LOG] SystemI::createSoundInternal             : exinfo->inclusionlist      = 000000007266F5FC
[LOG] SystemI::createSoundInternal             : exinfo->inclusionlistnum   = 1
[LOG] SystemI::createSoundInternal             : exinfo->suggestedsoundtype = 5
[LOG] SystemI::createSoundInternal             : exinfo->useropen           = 00007FFD5F71E310
[LOG] SystemI::createSoundInternal             : exinfo->userclose          = 00007FFD5F71E2E0
[LOG] SystemI::createSoundInternal             : exinfo->userread           = 00007FFD5F71E3E0
[LOG] SystemI::createSoundInternal             : exinfo->userseek           = 00007FFD5F71E490
[LOG] SystemI::createSoundInternal             : exinfo->fileuserdata       = 0000000047225338
[LOG] SystemI::createSoundInternal             : exinfo->initialseekpostype = 1
[LOG] SystemI::DSPCodecPoolRegister            : register codec pool for pool type 5
[LOG] SystemI::createSoundInternal             : Sample 0/1: name='dustyroom_multimedia_select_digital_button', format=2, channels=2, frequency=48000, lengthbytes=3840, lengthpcm=15046, pcmblocksize=0, loopstart=0, loopend=0, mode=0x00000000, channelmask=0x00000000, channelorder=0, peakvolume=0.891052.
[LOG] SystemI::createSoundInternal             : Create name='', mode=0x02000202
[LOG] SystemI::createSoundInternal             : exinfo->cbsize             = 232
[LOG] SystemI::createSoundInternal             : exinfo->length             = 29035488
[LOG] SystemI::createSoundInternal             : exinfo->fileoffset         = 133344
[LOG] SystemI::createSoundInternal             : exinfo->numsubsounds       = 1
[LOG] SystemI::createSoundInternal             : exinfo->inclusionlist      = 000000007266F5FC
[LOG] SystemI::createSoundInternal             : exinfo->inclusionlistnum   = 1
[LOG] SystemI::createSoundInternal             : exinfo->suggestedsoundtype = 5
[LOG] SystemI::createSoundInternal             : exinfo->useropen           = 00007FFD5F71E310
[LOG] SystemI::createSoundInternal             : exinfo->userclose          = 00007FFD5F71E2E0
[LOG] SystemI::createSoundInternal             : exinfo->userread           = 00007FFD5F71E3E0
[LOG] SystemI::createSoundInternal             : exinfo->userseek           = 00007FFD5F71E490
[LOG] SystemI::createSoundInternal             : exinfo->fileuserdata       = 0000000047225338
[LOG] SystemI::createSoundInternal             : exinfo->initialseekpostype = 1
[LOG] SystemI::DSPCodecPoolRegister            : register codec pool for pool type 5
[LOG] SystemI::createSoundInternal             : Sample 0/1: name='jump', format=2, channels=1, frequency=48000, lengthbytes=3072, lengthpcm=14599, pcmblocksize=0, loopstart=0, loopend=0, mode=0x00000000, channelmask=0x00000000, channelorder=0, peakvolume=0.443390.
[LOG] SystemI::createSoundInternal             : Create name='', mode=0x02000202
[LOG] SystemI::createSoundInternal             : exinfo->cbsize             = 232
[LOG] SystemI::createSoundInternal             : exinfo->length             = 29035488
[LOG] SystemI::createSoundInternal             : exinfo->fileoffset         = 133344
[LOG] SystemI::createSoundInternal             : exinfo->numsubsounds       = 1
[LOG] SystemI::createSoundInternal             : exinfo->inclusionlist      = 000000007266F5FC
[LOG] SystemI::createSoundInternal             : exinfo->inclusionlistnum   = 1
[LOG] SystemI::createSoundInternal             : exinfo->suggestedsoundtype = 5
[LOG] SystemI::createSoundInternal             : exinfo->useropen           = 00007FFD5F71E310
[LOG] SystemI::createSoundInternal             : exinfo->userclose          = 00007FFD5F71E2E0
[LOG] SystemI::createSoundInternal             : exinfo->userread           = 00007FFD5F71E3E0
[LOG] SystemI::createSoundInternal             : exinfo->userseek           = 00007FFD5F71E490
[LOG] SystemI::createSoundInternal             : exinfo->fileuserdata       = 0000000047225338
[LOG] SystemI::createSoundInternal             : exinfo->initialseekpostype = 1
[LOG] SystemI::DSPCodecPoolRegister            : register codec pool for pool type 5
[LOG] SystemI::createSoundInternal             : Sample 0/1: name='zapsplat_foley_large_stick_drop_on_ground_002_18400', format=2, channels=2, frequency=48000, lengthbytes=12800, lengthpcm=49536, pcmblocksize=0, loopstart=0, loopend=0, mode=0x00000000, channelmask=0x00000000, channelorder=0, peakvolume=0.696198.
[LOG] SystemI::createSoundInternal             : Create name='', mode=0x02000202
[LOG] SystemI::createSoundInternal             : exinfo->cbsize             = 232
[LOG] SystemI::createSoundInternal             : exinfo->length             = 29035488
[LOG] SystemI::createSoundInternal             : exinfo->fileoffset         = 133344
[LOG] SystemI::createSoundInternal             : exinfo->numsubsounds       = 1
[LOG] SystemI::createSoundInternal             : exinfo->inclusionlist      = 000000007266F5FC
[LOG] SystemI::createSoundInternal             : exinfo->inclusionlistnum   = 1
[LOG] SystemI::createSoundInternal             : exinfo->suggestedsoundtype = 5
[LOG] SystemI::createSoundInternal             : exinfo->useropen           = 00007FFD5F71E310
[LOG] SystemI::createSoundInternal             : exinfo->userclose          = 00007FFD5F71E2E0
[LOG] SystemI::createSoundInternal             : exinfo->userread           = 00007FFD5F71E3E0
[LOG] SystemI::createSoundInternal             : exinfo->userseek           = 00007FFD5F71E490
[LOG] SystemI::createSoundInternal             : exinfo->fileuserdata       = 0000000047225338
[LOG] SystemI::createSoundInternal             : exinfo->initialseekpostype = 1
[LOG] SystemI::DSPCodecPoolRegister            : register codec pool for pool type 5
[LOG] SystemI::createSoundInternal             : Sample 0/1: name='soundbits_JustWhoosh3_Whoosh_Fire_008', format=2, channels=2, frequency=48000, lengthbytes=9152, lengthpcm=40320, pcmblocksize=0, loopstart=0, loopend=0, mode=0x00000000, channelmask=0x00000000, channelorder=0, peakvolume=0.792664.
[LOG] SystemI::createSoundInternal             : Create name='', mode=0x02000202
[LOG] SystemI::createSoundInternal             : exinfo->cbsize             = 232
[LOG] SystemI::createSoundInternal             : exinfo->length             = 29035488
[LOG] SystemI::createSoundInternal             : exinfo->fileoffset         = 133344
[LOG] SystemI::createSoundInternal             : exinfo->numsubsounds       = 1
[LOG] SystemI::createSoundInternal             : exinfo->inclusionlist      = 000000007266F5FC
[LOG] SystemI::createSoundInternal             : exinfo->inclusionlistnum   = 1
[LOG] SystemI::createSoundInternal             : exinfo->suggestedsoundtype = 5
[LOG] SystemI::createSoundInternal             : exinfo->useropen           = 00007FFD5F71E310
[LOG] SystemI::createSoundInternal             : exinfo->userclose          = 00007FFD5F71E2E0
[LOG] SystemI::createSoundInternal             : exinfo->userread           = 00007FFD5F71E3E0
[LOG] SystemI::createSoundInternal             : exinfo->userseek           = 00007FFD5F71E490
[LOG] SystemI::createSoundInternal             : exinfo->fileuserdata       = 0000000047225338
[LOG] SystemI::createSoundInternal             : exinfo->initialseekpostype = 1
[LOG] SystemI::DSPCodecPoolRegister            : register codec pool for pool type 5
[LOG] SystemI::createSoundInternal             : Sample 0/1: name='zapsplat_warfare_sword_swing_fast_whoosh_metal_002', format=2, channels=2, frequency=48000, lengthbytes=3648, lengthpcm=13824, pcmblocksize=0, loopstart=0, loopend=0, mode=0x00000000, channelmask=0x00000000, channelorder=0, peakvolume=0.877838.
[LOG] SystemI::createSoundInternal             : Create name='', mode=0x02000202
[LOG] SystemI::createSoundInternal             : exinfo->cbsize             = 232
[LOG] SystemI::createSoundInternal             : exinfo->length             = 29035488
[LOG] SystemI::createSoundInternal             : exinfo->fileoffset         = 133344
[LOG] SystemI::createSoundInternal             : exinfo->numsubsounds       = 1
[LOG] SystemI::createSoundInternal             : exinfo->inclusionlist      = 000000007266F5FC
[LOG] SystemI::createSoundInternal             : exinfo->inclusionlistnum   = 1
[LOG] SystemI::createSoundInternal             : exinfo->suggestedsoundtype = 5
[LOG] SystemI::createSoundInternal             : exinfo->useropen           = 00007FFD5F71E310
[LOG] SystemI::createSoundInternal             : exinfo->userclose          = 00007FFD5F71E2E0
[LOG] SystemI::createSoundInternal             : exinfo->userread           = 00007FFD5F71E3E0
[LOG] SystemI::createSoundInternal             : exinfo->userseek           = 00007FFD5F71E490
[LOG] SystemI::createSoundInternal             : exinfo->fileuserdata       = 0000000047225338
[LOG] SystemI::createSoundInternal             : exinfo->initialseekpostype = 1
[LOG] SystemI::DSPCodecPoolRegister            : register codec pool for pool type 5
[LOG] SystemI::createSoundInternal             : Sample 0/1: name='zapsplat_multimedia_game_tone_negative_lose_life_17656', format=2, channels=1, frequency=48000, lengthbytes=5440, lengthpcm=45139, pcmblocksize=0, loopstart=0, loopend=0, mode=0x00000000, channelmask=0x00000000, channelorder=0, peakvolume=0.707733.
[LOG] SystemI::createSoundInternal             : Create name='', mode=0x02000202
[LOG] SystemI::createSoundInternal             : exinfo->cbsize             = 232
[LOG] SystemI::createSoundInternal             : exinfo->length             = 29035488
[LOG] SystemI::createSoundInternal             : exinfo->fileoffset         = 133344
[LOG] SystemI::createSoundInternal             : exinfo->numsubsounds       = 1
[LOG] SystemI::createSoundInternal             : exinfo->inclusionlist      = 000000007266F5FC
[LOG] SystemI::createSoundInternal             : exinfo->inclusionlistnum   = 1
[LOG] SystemI::createSoundInternal             : exinfo->suggestedsoundtype = 5
[LOG] SystemI::createSoundInternal             : exinfo->useropen           = 00007FFD5F71E310
[LOG] SystemI::createSoundInternal             : exinfo->userclose          = 00007FFD5F71E2E0
[LOG] SystemI::createSoundInternal             : exinfo->userread           = 00007FFD5F71E3E0
[LOG] SystemI::createSoundInternal             : exinfo->userseek           = 00007FFD5F71E490
[LOG] SystemI::createSoundInternal             : exinfo->fileuserdata       = 0000000047225338
[LOG] SystemI::createSoundInternal             : exinfo->initialseekpostype = 1
[LOG] SystemI::DSPCodecPoolRegister            : register codec pool for pool type 5
[LOG] SystemI::createSoundInternal             : Sample 0/1: name='zapsplat_warfare_sword_swing_fast_whoosh_metal_004', format=2, channels=2, frequency=48000, lengthbytes=3392, lengthpcm=13824, pcmblocksize=0, loopstart=0, loopend=0, mode=0x00000000, channelmask=0x00000000, channelorder=0, peakvolume=0.980438.
[LOG] SystemI::createSoundInternal             : Create name='', mode=0x02000202
[LOG] SystemI::createSoundInternal             : exinfo->cbsize             = 232
[LOG] SystemI::createSoundInternal             : exinfo->length             = 29035488
[LOG] SystemI::createSoundInternal             : exinfo->fileoffset         = 133344
[LOG] SystemI::createSoundInternal             : exinfo->numsubsounds       = 1
[LOG] SystemI::createSoundInternal             : exinfo->inclusionlist      = 000000007266F5FC
[LOG] SystemI::createSoundInternal             : exinfo->inclusionlistnum   = 1
[LOG] SystemI::createSoundInternal             : exinfo->suggestedsoundtype = 5
[LOG] SystemI::createSoundInternal             : exinfo->useropen           = 00007FFD5F71E310
[LOG] SystemI::createSoundInternal             : exinfo->userclose          = 00007FFD5F71E2E0
[LOG] SystemI::createSoundInternal             : exinfo->userread           = 00007FFD5F71E3E0
[LOG] SystemI::createSoundInternal             : exinfo->userseek           = 00007FFD5F71E490
[LOG] SystemI::createSoundInternal             : exinfo->fileuserdata       = 0000000047225338
[LOG] SystemI::createSoundInternal             : exinfo->initialseekpostype = 1
[LOG] SystemI::DSPCodecPoolRegister            : register codec pool for pool type 5
[LOG] SystemI::createSoundInternal             : Sample 0/1: name='warfare_swords_x_2_hit_lightly_003', format=2, channels=2, frequency=48000, lengthbytes=9984, lengthpcm=43776, pcmblocksize=0, loopstart=0, loopend=0, mode=0x00000000, channelmask=0x00000000, channelorder=0, peakvolume=0.958191.
[LOG] SystemI::createSoundInternal             : Create name='', mode=0x02000202
[LOG] SystemI::createSoundInternal             : exinfo->cbsize             = 232
[LOG] SystemI::createSoundInternal             : exinfo->length             = 29035488
[LOG] SystemI::createSoundInternal             : exinfo->fileoffset         = 133344
[LOG] SystemI::createSoundInternal             : exinfo->numsubsounds       = 1
[LOG] SystemI::createSoundInternal             : exinfo->inclusionlist      = 000000007266F5FC
[LOG] SystemI::createSoundInternal             : exinfo->inclusionlistnum   = 1
[LOG] SystemI::createSoundInternal             : exinfo->suggestedsoundtype = 5
[LOG] SystemI::createSoundInternal             : exinfo->useropen           = 00007FFD5F71E310
[LOG] SystemI::createSoundInternal             : exinfo->userclose          = 00007FFD5F71E2E0
[LOG] SystemI::createSoundInternal             : exinfo->userread           = 00007FFD5F71E3E0
[LOG] SystemI::createSoundInternal             : exinfo->userseek           = 00007FFD5F71E490
[LOG] SystemI::createSoundInternal             : exinfo->fileuserdata       = 0000000047225338
[LOG] SystemI::createSoundInternal             : exinfo->initialseekpostype = 1
[LOG] SystemI::DSPCodecPoolRegister            : register codec pool for pool type 5
[LOG] SystemI::createSoundInternal             : Sample 0/1: name='zapsplat_multimedia_game_collect_coin_or_treasure_17655', format=2, channels=1, frequency=48000, lengthbytes=2528, lengthpcm=27585, pcmblocksize=0, loopstart=0, loopend=0, mode=0x00000000, channelmask=0x00000000, channelorder=0, peakvolume=0.689819.
[LOG] SystemI::createSoundInternal             : Create name='', mode=0x02000202
[LOG] SystemI::createSoundInternal             : exinfo->cbsize             = 232
[LOG] SystemI::createSoundInternal             : exinfo->length             = 29035488
[LOG] SystemI::createSoundInternal             : exinfo->fileoffset         = 133344
[LOG] SystemI::createSoundInternal             : exinfo->numsubsounds       = 1
[LOG] SystemI::createSoundInternal             : exinfo->inclusionlist      = 000000007266F5FC
[LOG] SystemI::createSoundInternal             : exinfo->inclusionlistnum   = 1
[LOG] SystemI::createSoundInternal             : exinfo->suggestedsoundtype = 5
[LOG] SystemI::createSoundInternal             : exinfo->useropen           = 00007FFD5F71E310
[LOG] SystemI::createSoundInternal             : exinfo->userclose          = 00007FFD5F71E2E0
[LOG] SystemI::createSoundInternal             : exinfo->userread           = 00007FFD5F71E3E0
[LOG] SystemI::createSoundInternal             : exinfo->userseek           = 00007FFD5F71E490
[LOG] SystemI::createSoundInternal             : exinfo->fileuserdata       = 0000000047225338
[LOG] SystemI::createSoundInternal             : exinfo->initialseekpostype = 1
[LOG] SystemI::DSPCodecPoolRegister            : register codec pool for pool type 5
[LOG] SystemI::createSoundInternal             : Sample 0/1: name='Blip_Select5', format=2, channels=1, frequency=48000, lengthbytes=864, lengthpcm=5520, pcmblocksize=0, loopstart=0, loopend=0, mode=0x00000000, channelmask=0x00000000, channelorder=0, peakvolume=0.252472.
[LOG] SystemI::createSoundInternal             : Create name='', mode=0x02000202
[LOG] SystemI::createSoundInternal             : exinfo->cbsize             = 232
[LOG] SystemI::createSoundInternal             : exinfo->length             = 29035488
[LOG] SystemI::createSoundInternal             : exinfo->fileoffset         = 133344
[LOG] SystemI::createSoundInternal             : exinfo->numsubsounds       = 1
[LOG] SystemI::createSoundInternal             : exinfo->inclusionlist      = 000000007266F5FC
[LOG] SystemI::createSoundInternal             : exinfo->inclusionlistnum   = 1
[LOG] SystemI::createSoundInternal             : exinfo->suggestedsoundtype = 5
[LOG] SystemI::createSoundInternal             : exinfo->useropen           = 00007FFD5F71E310
[LOG] SystemI::createSoundInternal             : exinfo->userclose          = 00007FFD5F71E2E0
[LOG] SystemI::createSoundInternal             : exinfo->userread           = 00007FFD5F71E3E0
[LOG] SystemI::createSoundInternal             : exinfo->userseek           = 00007FFD5F71E490
[LOG] SystemI::createSoundInternal             : exinfo->fileuserdata       = 0000000047225338
[LOG] SystemI::createSoundInternal             : exinfo->initialseekpostype = 1
[LOG] SystemI::DSPCodecPoolRegister            : register codec pool for pool type 5
[LOG] SystemI::createSoundInternal             : Sample 0/1: name='take_damage', format=2, channels=1, frequency=48000, lengthbytes=1760, lengthpcm=7377, pcmblocksize=0, loopstart=0, loopend=0, mode=0x00000000, channelmask=0x00000000, channelorder=0, peakvolume=0.532501.
[LOG] SystemI::createSoundInternal             : Create name='', mode=0x02000202
[LOG] SystemI::createSoundInternal             : exinfo->cbsize             = 232
[LOG] SystemI::createSoundInternal             : exinfo->length             = 29035488
[LOG] SystemI::createSoundInternal             : exinfo->fileoffset         = 133344
[LOG] SystemI::createSoundInternal             : exinfo->numsubsounds       = 1
[LOG] SystemI::createSoundInternal             : exinfo->inclusionlist      = 000000007266F5FC
[LOG] SystemI::createSoundInternal             : exinfo->inclusionlistnum   = 1
[LOG] SystemI::createSoundInternal             : exinfo->suggestedsoundtype = 5
[LOG] SystemI::createSoundInternal             : exinfo->useropen           = 00007FFD5F71E310
[LOG] SystemI::createSoundInternal             : exinfo->userclose          = 00007FFD5F71E2E0
[LOG] SystemI::createSoundInternal             : exinfo->userread           = 00007FFD5F71E3E0
[LOG] SystemI::createSoundInternal             : exinfo->userseek           = 00007FFD5F71E490
[LOG] SystemI::createSoundInternal             : exinfo->fileuserdata       = 0000000047225338
[LOG] SystemI::createSoundInternal             : exinfo->initialseekpostype = 1
[LOG] SystemI::DSPCodecPoolRegister            : register codec pool for pool type 5
[LOG] SystemI::createSoundInternal             : Sample 0/1: name='zapsplat_foley_cardboard_box_parcel_slide_on_wooden_floor_003_17298', format=2, channels=2, frequency=48000, lengthbytes=17728, lengthpcm=71424, pcmblocksize=0, loopstart=0, loopend=0, mode=0x00000000, channelmask=0x00000000, channelorder=0, peakvolume=0.700775.
[LOG] SystemI::createSoundInternal             : Create name='', mode=0x02000202
[LOG] SystemI::createSoundInternal             : exinfo->cbsize             = 232
[LOG] SystemI::createSoundInternal             : exinfo->length             = 29035488
[LOG] SystemI::createSoundInternal             : exinfo->fileoffset         = 133344
[LOG] SystemI::createSoundInternal             : exinfo->numsubsounds       = 1
[LOG] SystemI::createSoundInternal             : exinfo->inclusionlist      = 000000007266F5FC
[LOG] SystemI::createSoundInternal             : exinfo->inclusionlistnum   = 1
[LOG] SystemI::createSoundInternal             : exinfo->suggestedsoundtype = 5
[LOG] SystemI::createSoundInternal             : exinfo->useropen           = 00007FFD5F71E310
[LOG] SystemI::createSoundInternal             : exinfo->userclose          = 00007FFD5F71E2E0
[LOG] SystemI::createSoundInternal             : exinfo->userread           = 00007FFD5F71E3E0
[LOG] SystemI::createSoundInternal             : exinfo->userseek           = 00007FFD5F71E490
[LOG] SystemI::createSoundInternal             : exinfo->fileuserdata       = 0000000047225338
[LOG] SystemI::createSoundInternal             : exinfo->initialseekpostype = 1
[LOG] SystemI::DSPCodecPoolRegister            : register codec pool for pool type 5
[LOG] SystemI::createSoundInternal             : Sample 0/1: name='heal', format=2, channels=1, frequency=48000, lengthbytes=4928, lengthpcm=25167, pcmblocksize=0, loopstart=0, loopend=0, mode=0x00000000, channelmask=0x00000000, channelorder=0, peakvolume=0.529236.
[LOG] SystemI::createSoundInternal             : Create name='', mode=0x02000202
[LOG] SystemI::createSoundInternal             : exinfo->cbsize             = 232
[LOG] SystemI::createSoundInternal             : exinfo->length             = 29035488
[LOG] SystemI::createSoundInternal             : exinfo->fileoffset         = 133344
[LOG] SystemI::createSoundInternal             : exinfo->numsubsounds       = 1
[LOG] SystemI::createSoundInternal             : exinfo->inclusionlist      = 000000007266F5FC
[LOG] SystemI::createSoundInternal             : exinfo->inclusionlistnum   = 1
[LOG] SystemI::createSoundInternal             : exinfo->suggestedsoundtype = 5
[LOG] SystemI::createSoundInternal             : exinfo->useropen           = 00007FFD5F71E310
[LOG] SystemI::createSoundInternal             : exinfo->userclose          = 00007FFD5F71E2E0
[LOG] SystemI::createSoundInternal             : exinfo->userread           = 00007FFD5F71E3E0
[LOG] SystemI::createSoundInternal             : exinfo->userseek           = 00007FFD5F71E490
[LOG] SystemI::createSoundInternal             : exinfo->fileuserdata       = 0000000047225338
[LOG] SystemI::createSoundInternal             : exinfo->initialseekpostype = 1
[LOG] SystemI::DSPCodecPoolRegister            : register codec pool for pool type 5
[LOG] SystemI::createSoundInternal             : Sample 0/1: name='zapsplat_warfare_weapon_axe_large_object_swing_swoosh_001', format=2, channels=2, frequency=48000, lengthbytes=5696, lengthpcm=26496, pcmblocksize=0, loopstart=0, loopend=0, mode=0x00000000, channelmask=0x00000000, channelorder=0, peakvolume=0.990753.
[LOG] SystemI::createSoundInternal             : Create name='', mode=0x02000202
[LOG] SystemI::createSoundInternal             : exinfo->cbsize             = 232
[LOG] SystemI::createSoundInternal             : exinfo->length             = 29035488
[LOG] SystemI::createSoundInternal             : exinfo->fileoffset         = 133344
[LOG] SystemI::createSoundInternal             : exinfo->numsubsounds       = 1
[LOG] SystemI::createSoundInternal             : exinfo->inclusionlist      = 000000007266F5FC
[LOG] SystemI::createSoundInternal             : exinfo->inclusionlistnum   = 1
[LOG] SystemI::createSoundInternal             : exinfo->suggestedsoundtype = 5
[LOG] SystemI::createSoundInternal             : exinfo->useropen           = 00007FFD5F71E310
[LOG] SystemI::createSoundInternal             : exinfo->userclose          = 00007FFD5F71E2E0
[LOG] SystemI::createSoundInternal             : exinfo->userread           = 00007FFD5F71E3E0
[LOG] SystemI::createSoundInternal             : exinfo->userseek           = 00007FFD5F71E490
[LOG] SystemI::createSoundInternal             : exinfo->fileuserdata       = 0000000047225338
[LOG] SystemI::createSoundInternal             : exinfo->initialseekpostype = 1
[LOG] SystemI::DSPCodecPoolRegister            : register codec pool for pool type 5
[LOG] SystemI::createSoundInternal             : Sample 0/1: name='Blastwave_FX_Fireball_BW.61110 (1)', format=2, channels=2, frequency=48000, lengthbytes=21568, lengthpcm=116352, pcmblocksize=0, loopstart=0, loopend=0, mode=0x00000000, channelmask=0x00000000, channelorder=0, peakvolume=0.946930.
[LOG] SystemI::createSoundInternal             : Create name='', mode=0x02000202
[LOG] SystemI::createSoundInternal             : exinfo->cbsize             = 232
[LOG] SystemI::createSoundInternal             : exinfo->length             = 29035488
[LOG] SystemI::createSoundInternal             : exinfo->fileoffset         = 133344
[LOG] SystemI::createSoundInternal             : exinfo->numsubsounds       = 1
[LOG] SystemI::createSoundInternal             : exinfo->inclusionlist      = 000000007266F5FC
[LOG] SystemI::createSoundInternal             : exinfo->inclusionlistnum   = 1
[LOG] SystemI::createSoundInternal             : exinfo->suggestedsoundtype = 5
[LOG] SystemI::createSoundInternal             : exinfo->useropen           = 00007FFD5F71E310
[LOG] SystemI::createSoundInternal             : exinfo->userclose          = 00007FFD5F71E2E0
[LOG] SystemI::createSoundInternal             : exinfo->userread           = 00007FFD5F71E3E0
[LOG] SystemI::createSoundInternal             : exinfo->userseek           = 00007FFD5F71E490
[LOG] SystemI::createSoundInternal             : exinfo->fileuserdata       = 0000000047225338
[LOG] SystemI::createSoundInternal             : exinfo->initialseekpostype = 1
[LOG] SystemI::DSPCodecPoolRegister            : register codec pool for pool type 5
[LOG] SystemI::createSoundInternal             : Sample 0/1: name='zapsplat_warfare_weapon_axe_large_object_swing_swoosh_004', format=2, channels=2, frequency=48000, lengthbytes=6560, lengthpcm=31104, pcmblocksize=0, loopstart=0, loopend=0, mode=0x00000000, channelmask=0x00000000, channelorder=0, peakvolume=0.984436.
[LOG] SystemI::createSoundInternal             : Create name='', mode=0x02000202
[LOG] SystemI::createSoundInternal             : exinfo->cbsize             = 232
[LOG] SystemI::createSoundInternal             : exinfo->length             = 29035488
[LOG] SystemI::createSoundInternal             : exinfo->fileoffset         = 133344
[LOG] SystemI::createSoundInternal             : exinfo->numsubsounds       = 1
[LOG] SystemI::createSoundInternal             : exinfo->inclusionlist      = 000000007266F5FC
[LOG] SystemI::createSoundInternal             : exinfo->inclusionlistnum   = 1
[LOG] SystemI::createSoundInternal             : exinfo->suggestedsoundtype = 5
[LOG] SystemI::createSoundInternal             : exinfo->useropen           = 00007FFD5F71E310
[LOG] SystemI::createSoundInternal             : exinfo->userclose          = 00007FFD5F71E2E0
[LOG] SystemI::createSoundInternal             : exinfo->userread           = 00007FFD5F71E3E0
[LOG] SystemI::createSoundInternal             : exinfo->userseek           = 00007FFD5F71E490
[LOG] SystemI::createSoundInternal             : exinfo->fileuserdata       = 0000000047225338
[LOG] SystemI::createSoundInternal             : exinfo->initialseekpostype = 1
[LOG] SystemI::DSPCodecPoolRegister            : register codec pool for pool type 5
[LOG] SystemI::createSoundInternal             : Sample 0/1: name='zapsplat_transport_open_car_door_attempt_but_locked_single_18263', format=2, channels=2, frequency=48000, lengthbytes=5024, lengthpcm=19584, pcmblocksize=0, loopstart=0, loopend=0, mode=0x00000000, channelmask=0x00000000, channelorder=0, peakvolume=0.709106.
[LOG] SystemI::createSoundInternal             : Create name='', mode=0x02000202
[LOG] SystemI::createSoundInternal             : exinfo->cbsize             = 232
[LOG] SystemI::createSoundInternal             : exinfo->length             = 29035488
[LOG] SystemI::createSoundInternal             : exinfo->fileoffset         = 133344
[LOG] SystemI::createSoundInternal             : exinfo->numsubsounds       = 1
[LOG] SystemI::createSoundInternal             : exinfo->inclusionlist      = 000000007266F5FC
[LOG] SystemI::createSoundInternal             : exinfo->inclusionlistnum   = 1
[LOG] SystemI::createSoundInternal             : exinfo->suggestedsoundtype = 5
[LOG] SystemI::createSoundInternal             : exinfo->useropen           = 00007FFD5F71E310
[LOG] SystemI::createSoundInternal             : exinfo->userclose          = 00007FFD5F71E2E0
[LOG] SystemI::createSoundInternal             : exinfo->userread           = 00007FFD5F71E3E0
[LOG] SystemI::createSoundInternal             : exinfo->userseek           = 00007FFD5F71E490
[LOG] SystemI::createSoundInternal             : exinfo->fileuserdata       = 0000000047225338
[LOG] SystemI::createSoundInternal             : exinfo->initialseekpostype = 1
[LOG] SystemI::DSPCodecPoolRegister            : register codec pool for pool type 5
[LOG] SystemI::createSoundInternal             : Sample 0/1: name='household_chest_wooden_lid_move_sharp_items_on_top', format=2, channels=2, frequency=48000, lengthbytes=10752, lengthpcm=39168, pcmblocksize=0, loopstart=0, loopend=0, mode=0x00000000, channelmask=0x00000000, channelorder=0, peakvolume=0.836639.
[LOG] SystemI::createSoundInternal             : Create name='', mode=0x02000202
[LOG] SystemI::createSoundInternal             : exinfo->cbsize             = 232
[LOG] SystemI::createSoundInternal             : exinfo->length             = 29035488
[LOG] SystemI::createSoundInternal             : exinfo->fileoffset         = 133344
[LOG] SystemI::createSoundInternal             : exinfo->numsubsounds       = 1
[LOG] SystemI::createSoundInternal             : exinfo->inclusionlist      = 000000007266F5FC
[LOG] SystemI::createSoundInternal             : exinfo->inclusionlistnum   = 1
[LOG] SystemI::createSoundInternal             : exinfo->suggestedsoundtype = 5
[LOG] SystemI::createSoundInternal             : exinfo->useropen           = 00007FFD5F71E310
[LOG] SystemI::createSoundInternal             : exinfo->userclose          = 00007FFD5F71E2E0
[LOG] SystemI::createSoundInternal             : exinfo->userread           = 00007FFD5F71E3E0
[LOG] SystemI::createSoundInternal             : exinfo->userseek           = 00007FFD5F71E490
[LOG] SystemI::createSoundInternal             : exinfo->fileuserdata       = 0000000047225338
[LOG] SystemI::createSoundInternal             : exinfo->initialseekpostype = 1
[LOG] SystemI::DSPCodecPoolRegister            : register codec pool for pool type 5
[LOG] SystemI::createSoundInternal             : Sample 0/1: name='zapsplat_multimedia_correct_tone_beep_17736', format=2, channels=1, frequency=48000, lengthbytes=7008, lengthpcm=41472, pcmblocksize=0, loopstart=0, loopend=0, mode=0x00000000, channelmask=0x00000000, channelorder=0, peakvolume=0.704895.
[LOG] SystemI::createSoundInternal             : Create name='', mode=0x02000202
[LOG] SystemI::createSoundInternal             : exinfo->cbsize             = 232
[LOG] SystemI::createSoundInternal             : exinfo->length             = 29035488
[LOG] SystemI::createSoundInternal             : exinfo->fileoffset         = 133344
[LOG] SystemI::createSoundInternal             : exinfo->numsubsounds       = 1
[LOG] SystemI::createSoundInternal             : exinfo->inclusionlist      = 000000007266F5FC
[LOG] SystemI::createSoundInternal             : exinfo->inclusionlistnum   = 1
[LOG] SystemI::createSoundInternal             : exinfo->suggestedsoundtype = 5
[LOG] SystemI::createSoundInternal             : exinfo->useropen           = 00007FFD5F71E310
[LOG] SystemI::createSoundInternal             : exinfo->userclose          = 00007FFD5F71E2E0
[LOG] SystemI::createSoundInternal             : exinfo->userread           = 00007FFD5F71E3E0
[LOG] SystemI::createSoundInternal             : exinfo->userseek           = 00007FFD5F71E490
[LOG] SystemI::createSoundInternal             : exinfo->fileuserdata       = 0000000047225338
[LOG] SystemI::createSoundInternal             : exinfo->initialseekpostype = 1
[LOG] SystemI::DSPCodecPoolRegister            : register codec pool for pool type 5
[LOG] SystemI::createSoundInternal             : Sample 0/1: name='zapsplat_household_key_mortice_turn_internal_door_unlock__18542', format=2, channels=2, frequency=48000, lengthbytes=10592, lengthpcm=35712, pcmblocksize=0, loopstart=0, loopend=0, mode=0x00000000, channelmask=0x00000000, channelorder=0, peakvolume=0.718842.
[LOG] SystemI::createSoundInternal             : Create name='', mode=0x02000202
[LOG] SystemI::createSoundInternal             : exinfo->cbsize             = 232
[LOG] SystemI::createSoundInternal             : exinfo->length             = 29035488
[LOG] SystemI::createSoundInternal             : exinfo->fileoffset         = 133344
[LOG] SystemI::createSoundInternal             : exinfo->numsubsounds       = 1
[LOG] SystemI::createSoundInternal             : exinfo->inclusionlist      = 000000007266F5FC
[LOG] SystemI::createSoundInternal             : exinfo->inclusionlistnum   = 1
[LOG] SystemI::createSoundInternal             : exinfo->suggestedsoundtype = 5
[LOG] SystemI::createSoundInternal             : exinfo->useropen           = 00007FFD5F71E310
[LOG] SystemI::createSoundInternal             : exinfo->userclose          = 00007FFD5F71E2E0
[LOG] SystemI::createSoundInternal             : exinfo->userread           = 00007FFD5F71E3E0
[LOG] SystemI::createSoundInternal             : exinfo->userseek           = 00007FFD5F71E490
[LOG] SystemI::createSoundInternal             : exinfo->fileuserdata       = 0000000047225338
[LOG] SystemI::createSoundInternal             : exinfo->initialseekpostype = 1
[LOG] SystemI::DSPCodecPoolRegister            : register codec pool for pool type 5
[LOG] SystemI::createSoundInternal             : Sample 0/1: name='zapsplat_multimedia_game_negative_buzz_tone_harsh_17876', format=2, channels=1, frequency=48000, lengthbytes=2752, lengthpcm=10368, pcmblocksize=0, loopstart=0, loopend=0, mode=0x00000000, channelmask=0x00000000, channelorder=0, peakvolume=0.810059.
[LOG] SoundI::release                          :  (000000004961E068)
[LOG] SoundI::release                          :     zapsplat_foley_cardboard_box_parcel_slide_on_wooden_floor_003_17298 (000000003E121E78)
[LOG] SoundI::release                          :  (000000004961DAA8)
[LOG] SoundI::release                          :     zapsplat_multimedia_game_negative_buzz_tone_harsh_17876 (000000004740F2A8)
[LOG] SoundI::release                          :  (000000004961D208)
[LOG] SoundI::release                          :     zapsplat_warfare_weapon_axe_large_object_swing_swoosh_004 (000000003E120C98)
[LOG] SoundI::release                          :  (000000004727ED68)
[LOG] SoundI::release                          :     soundbits_JustWhoosh3_Whoosh_Fire_008 (000000004721F448)
[LOG] SoundI::release                          :  (000000004961E798)
[LOG] SoundI::release                          :     Blastwave_FX_Fireball_BW.61110 (1) (000000003E120138)
[LOG] SoundI::release                          :  (000000004727F328)
[LOG] SoundI::release                          :     jump (000000004721F108)
[LOG] SoundI::release                          :  (000000004727F608)
[LOG] SoundI::release                          :     zapsplat_foley_large_stick_drop_on_ground_002_18400 (000000004721F2A8)
[LOG] SoundI::release                          :  (000000004961E348)
[LOG] SoundI::release                          :     household_chest_wooden_lid_move_sharp_items_on_top (000000004740FE08)
[LOG] SoundI::release                          :  (000000004961E908)
[LOG] SoundI::release                          :     zapsplat_warfare_sword_swing_fast_whoosh_metal_002 (000000004721F788)
[LOG] SoundI::release                          :  (000000004961D4E8)
[LOG] SoundI::release                          :     zapsplat_multimedia_game_collect_coin_or_treasure_17655 (0000000047220968)
[LOG] SoundI::release                          :  (000000004961D378)
[LOG] SoundI::release                          :     zapsplat_multimedia_correct_tone_beep_17736 (000000004740EC28)
[LOG] SoundI::release                          :  (000000004961D658)
[LOG] SoundI::release                          :     Blip_Select5 (000000004721D088)
[LOG] SoundI::release                          :  (000000004727EBF8)
[LOG] SoundI::release                          :     dustyroom_multimedia_select_digital_button (0000000047220148)
[LOG] SoundI::release                          :  (000000004727F1B8)
[LOG] SoundI::release                          :     zapsplat_multimedia_game_throw_drop_tone_17738 (000000004721EF68)
[LOG] SoundI::release                          :  (000000004961E1D8)
[LOG] SoundI::release                          :     heal (000000003E120958)
[LOG] SoundI::release                          :  (000000004961D098)
[LOG] SoundI::release                          :     zapsplat_warfare_weapon_axe_large_object_swing_swoosh_001 (000000003E120AF8)
[LOG] SoundI::release                          :  (000000004961CF28)
[LOG] SoundI::release                          :     zapsplat_warfare_sword_swing_fast_whoosh_metal_004 (000000004721FE08)
[LOG] SoundI::release                          :  (000000004961D938)
[LOG] SoundI::release                          :     zapsplat_multimedia_game_tone_negative_lose_life_17656 (000000004721FAC8)
[LOG] SoundI::release                          :  (000000004961EA78)
[LOG] SoundI::release                          :     warfare_swords_x_2_hit_lightly_003 (00000000472202E8)
[LOG] SoundI::release                          :  (000000004727EA88)
[LOG] SoundI::release                          :     dustyroom_multimedia_simple_select_blip (000000004721E8E8)
[LOG] SoundI::release                          :  (000000004961D7C8)
[LOG] SoundI::release                          :     zapsplat_household_key_mortice_turn_internal_door_unlock__18542 (000000004740EDC8)
[LOG] SoundI::release                          :  (000000004961CC48)
[LOG] SoundI::release                          :     take_damage (000000003E1207B8)
[LOG] SoundI::release                          :  (000000004961DEF8)
[LOG] SoundI::release                          :     zapsplat_transport_open_car_door_attempt_but_locked_single_18263 (000000003E120FD8)
[LOG] Thread::callback                         : FMOD Studio update thread finished.
[LOG] Thread::callback                         : FMOD Studio bank load thread finished.
[LOG] Profile::disconnectAll                   : Profiler disconnecting all clients
[LOG] Thread::callback                         : FMOD Studio sample load thread finished.
[LOG] LiveUpdate::release                      : 
[LOG] LiveUpdate::reset                        : Reset connection (reason Disconnected)
[LOG] Thread::callback                         : FMOD stream thread finished.
[LOG] Thread::callback                         : FMOD mixer thread finished.
[LOG] Profile::disconnectAll                   : Profiler disconnecting all clients
[LOG] Thread::callback                         : FMOD nonblocking thread (0) finished.
[LOG] Thread::callback                         : FMOD file thread finished.
[LOG] SystemI::close                           : Closed.
