[LOG] System::create                           : Header version = 1.10.04. Current version = 1.10.04.
[LOG] Manager::init                            : maxchannels = 256 studioflags = 00000006 flags 00000000 extradriverdata 0000000000000000.
[LOG] SystemI::init                            : Initialize version=11004 (93853), maxchannels=256, flags=0x00020000
[LOG] SystemI::setOutputInternal               : Setting output to 'FMOD WASAPI Output'
[LOG] OutputWASAPI::init                       : Mix Format (WAVEFORMATEX): wFormatTag=0xFFFE, nChannels=2, nSamplesPerSec=48000, nAvgBytesPerSec=384000, nBlockAlign=8, wBitsPerSample=32, cbSize=22.
[LOG] OutputWASAPI::init                       : Mix Format (WAVEFORMATEXTENSIBLE): wValidBitsPerSample=32, dwChannelMask=0x00000003, SubFormat=00000003-0000-0010-8000-00AA00389B71.
[LOG] OutputWASAPI::init                       : Output buffer size: 4096 samples, latency: 0.00ms, period: 10.00ms, DSP buffer: 1024 * 4
[LOG] Thread::initThread                       : Init FMOD stream thread. Priority: 2, Stack Size: 65536, Semaphore: No, Sleep Time: 10, Looping: Yes.
[LOG] Thread::initThread                       : Init FMOD mixer thread. Priority: 3, Stack Size: 49152, Semaphore: No, Sleep Time: 0, Looping: Yes.
[LOG] AsyncManager::init                       : manager 0000000044ED3D98 isAsync 0 updatePeriod 0.02
[LOG] AsyncManager::init                       : done
[LOG] PlaybackSystem::init                     : 
[LOG] Thread::initThread                       : Init FMOD Studio sample load thread. Priority: 0, Stack Size: 65536, Semaphore: No, Sleep Time: 1, Looping: No.
[LOG] PlaybackSystem::init                     : done
[LOG] Thread::initThread                       : Init FMOD Studio bank load thread. Priority: 0, Stack Size: 65536, Semaphore: No, Sleep Time: 1, Looping: No.
[LOG] Manager::init                            : done.
[LOG] Manager::readBank                        : fileversion = 99, compatVersion = 99 (oldest = 44, newest = 100)
[LOG] SoundI::release                          : forest (000000000018A7E8)
[LOG] SoundI::release                          :     forest (000000003FD46A98)
[LOG] SoundI::release                          :     forest (000000000018B3B8)
[LOG] SystemI::createSoundInternal             : Create name='', mode=0x02000202
[LOG] SystemI::createSoundInternal             : exinfo->cbsize             = 232
[LOG] SystemI::createSoundInternal             : exinfo->length             = 29026752
[LOG] SystemI::createSoundInternal             : exinfo->fileoffset         = 129504
[LOG] SystemI::createSoundInternal             : exinfo->numsubsounds       = 1
[LOG] SystemI::createSoundInternal             : exinfo->inclusionlist      = 000000007DFCF5FC
[LOG] SystemI::createSoundInternal             : exinfo->inclusionlistnum   = 1
[LOG] SystemI::createSoundInternal             : exinfo->suggestedsoundtype = 5
[LOG] SystemI::createSoundInternal             : exinfo->useropen           = 00007FFD6480E310
[LOG] SystemI::createSoundInternal             : exinfo->userclose          = 00007FFD6480E2E0
[LOG] SystemI::createSoundInternal             : exinfo->userread           = 00007FFD6480E3E0
[LOG] SystemI::createSoundInternal             : exinfo->userseek           = 00007FFD6480E490
[LOG] SystemI::createSoundInternal             : exinfo->fileuserdata       = 00000000596E93B8
[LOG] SystemI::createSoundInternal             : exinfo->initialseekpostype = 1
[LOG] SystemI::DSPCodecPoolRegister            : register codec pool for pool type 5
[LOG] SystemI::createSoundInternal             : Sample 0/1: name='jump', format=2, channels=1, frequency=48000, lengthbytes=3072, lengthpcm=14599, pcmblocksize=0, loopstart=0, loopend=0, mode=0x00000000, channelmask=0x00000000, channelorder=0, peakvolume=0.443390.
[LOG] SystemI::createSoundInternal             : Create name='', mode=0x02000202
[LOG] SystemI::createSoundInternal             : exinfo->cbsize             = 232
[LOG] SystemI::createSoundInternal             : exinfo->length             = 29026752
[LOG] SystemI::createSoundInternal             : exinfo->fileoffset         = 129504
[LOG] SystemI::createSoundInternal             : exinfo->numsubsounds       = 1
[LOG] SystemI::createSoundInternal             : exinfo->inclusionlist      = 000000007DFCF5FC
[LOG] SystemI::createSoundInternal             : exinfo->inclusionlistnum   = 1
[LOG] SystemI::createSoundInternal             : exinfo->suggestedsoundtype = 5
[LOG] SystemI::createSoundInternal             : exinfo->useropen           = 00007FFD6480E310
[LOG] SystemI::createSoundInternal             : exinfo->userclose          = 00007FFD6480E2E0
[LOG] SystemI::createSoundInternal             : exinfo->userread           = 00007FFD6480E3E0
[LOG] SystemI::createSoundInternal             : exinfo->userseek           = 00007FFD6480E490
[LOG] SystemI::createSoundInternal             : exinfo->fileuserdata       = 00000000596E93B8
[LOG] SystemI::createSoundInternal             : exinfo->initialseekpostype = 1
[LOG] SystemI::DSPCodecPoolRegister            : register codec pool for pool type 5
[LOG] SystemI::createSoundInternal             : Sample 0/1: name='zapsplat_foley_large_stick_drop_on_ground_002_18400', format=2, channels=2, frequency=48000, lengthbytes=12800, lengthpcm=49536, pcmblocksize=0, loopstart=0, loopend=0, mode=0x00000000, channelmask=0x00000000, channelorder=0, peakvolume=0.696198.
[LOG] SystemI::createSoundInternal             : Create name='', mode=0x02000202
[LOG] SystemI::createSoundInternal             : exinfo->cbsize             = 232
[LOG] SystemI::createSoundInternal             : exinfo->length             = 29026752
[LOG] SystemI::createSoundInternal             : exinfo->fileoffset         = 129504
[LOG] SystemI::createSoundInternal             : exinfo->numsubsounds       = 1
[LOG] SystemI::createSoundInternal             : exinfo->inclusionlist      = 000000007DFCF5FC
[LOG] SystemI::createSoundInternal             : exinfo->inclusionlistnum   = 1
[LOG] SystemI::createSoundInternal             : exinfo->suggestedsoundtype = 5
[LOG] SystemI::createSoundInternal             : exinfo->useropen           = 00007FFD6480E310
[LOG] SystemI::createSoundInternal             : exinfo->userclose          = 00007FFD6480E2E0
[LOG] SystemI::createSoundInternal             : exinfo->userread           = 00007FFD6480E3E0
[LOG] SystemI::createSoundInternal             : exinfo->userseek           = 00007FFD6480E490
[LOG] SystemI::createSoundInternal             : exinfo->fileuserdata       = 00000000596E93B8
[LOG] SystemI::createSoundInternal             : exinfo->initialseekpostype = 1
[LOG] SystemI::DSPCodecPoolRegister            : register codec pool for pool type 5
[LOG] SystemI::createSoundInternal             : Sample 0/1: name='soundbits_JustWhoosh3_Whoosh_Fire_008', format=2, channels=2, frequency=48000, lengthbytes=9152, lengthpcm=40320, pcmblocksize=0, loopstart=0, loopend=0, mode=0x00000000, channelmask=0x00000000, channelorder=0, peakvolume=0.792664.
[LOG] SystemI::createSoundInternal             : Create name='', mode=0x02000202
[LOG] SystemI::createSoundInternal             : exinfo->cbsize             = 232
[LOG] SystemI::createSoundInternal             : exinfo->length             = 29026752
[LOG] SystemI::createSoundInternal             : exinfo->fileoffset         = 129504
[LOG] SystemI::createSoundInternal             : exinfo->numsubsounds       = 1
[LOG] SystemI::createSoundInternal             : exinfo->inclusionlist      = 000000007DFCF5FC
[LOG] SystemI::createSoundInternal             : exinfo->inclusionlistnum   = 1
[LOG] SystemI::createSoundInternal             : exinfo->suggestedsoundtype = 5
[LOG] SystemI::createSoundInternal             : exinfo->useropen           = 00007FFD6480E310
[LOG] SystemI::createSoundInternal             : exinfo->userclose          = 00007FFD6480E2E0
[LOG] SystemI::createSoundInternal             : exinfo->userread           = 00007FFD6480E3E0
[LOG] SystemI::createSoundInternal             : exinfo->userseek           = 00007FFD6480E490
[LOG] SystemI::createSoundInternal             : exinfo->fileuserdata       = 00000000596E93B8
[LOG] SystemI::createSoundInternal             : exinfo->initialseekpostype = 1
[LOG] SystemI::DSPCodecPoolRegister            : register codec pool for pool type 5
[LOG] SystemI::createSoundInternal             : Sample 0/1: name='zapsplat_warfare_sword_swing_fast_whoosh_metal_002', format=2, channels=2, frequency=48000, lengthbytes=3648, lengthpcm=13824, pcmblocksize=0, loopstart=0, loopend=0, mode=0x00000000, channelmask=0x00000000, channelorder=0, peakvolume=0.877838.
[LOG] SystemI::createSoundInternal             : Create name='', mode=0x02000202
[LOG] SystemI::createSoundInternal             : exinfo->cbsize             = 232
[LOG] SystemI::createSoundInternal             : exinfo->length             = 29026752
[LOG] SystemI::createSoundInternal             : exinfo->fileoffset         = 129504
[LOG] SystemI::createSoundInternal             : exinfo->numsubsounds       = 1
[LOG] SystemI::createSoundInternal             : exinfo->inclusionlist      = 000000007DFCF5FC
[LOG] SystemI::createSoundInternal             : exinfo->inclusionlistnum   = 1
[LOG] SystemI::createSoundInternal             : exinfo->suggestedsoundtype = 5
[LOG] SystemI::createSoundInternal             : exinfo->useropen           = 00007FFD6480E310
[LOG] SystemI::createSoundInternal             : exinfo->userclose          = 00007FFD6480E2E0
[LOG] SystemI::createSoundInternal             : exinfo->userread           = 00007FFD6480E3E0
[LOG] SystemI::createSoundInternal             : exinfo->userseek           = 00007FFD6480E490
[LOG] SystemI::createSoundInternal             : exinfo->fileuserdata       = 00000000596E93B8
[LOG] SystemI::createSoundInternal             : exinfo->initialseekpostype = 1
[LOG] SystemI::DSPCodecPoolRegister            : register codec pool for pool type 5
[LOG] SystemI::createSoundInternal             : Sample 0/1: name='zapsplat_warfare_sword_swing_fast_whoosh_metal_004', format=2, channels=2, frequency=48000, lengthbytes=3392, lengthpcm=13824, pcmblocksize=0, loopstart=0, loopend=0, mode=0x00000000, channelmask=0x00000000, channelorder=0, peakvolume=0.980438.
[LOG] SystemI::createSoundInternal             : Create name='', mode=0x02000202
[LOG] SystemI::createSoundInternal             : exinfo->cbsize             = 232
[LOG] SystemI::createSoundInternal             : exinfo->length             = 29026752
[LOG] SystemI::createSoundInternal             : exinfo->fileoffset         = 129504
[LOG] SystemI::createSoundInternal             : exinfo->numsubsounds       = 1
[LOG] SystemI::createSoundInternal             : exinfo->inclusionlist      = 000000007DFCF5FC
[LOG] SystemI::createSoundInternal             : exinfo->inclusionlistnum   = 1
[LOG] SystemI::createSoundInternal             : exinfo->suggestedsoundtype = 5
[LOG] SystemI::createSoundInternal             : exinfo->useropen           = 00007FFD6480E310
[LOG] SystemI::createSoundInternal             : exinfo->userclose          = 00007FFD6480E2E0
[LOG] SystemI::createSoundInternal             : exinfo->userread           = 00007FFD6480E3E0
[LOG] SystemI::createSoundInternal             : exinfo->userseek           = 00007FFD6480E490
[LOG] SystemI::createSoundInternal             : exinfo->fileuserdata       = 00000000596E93B8
[LOG] SystemI::createSoundInternal             : exinfo->initialseekpostype = 1
[LOG] SystemI::DSPCodecPoolRegister            : register codec pool for pool type 5
[LOG] SystemI::createSoundInternal             : Sample 0/1: name='take_damage', format=2, channels=1, frequency=48000, lengthbytes=1760, lengthpcm=7377, pcmblocksize=0, loopstart=0, loopend=0, mode=0x00000000, channelmask=0x00000000, channelorder=0, peakvolume=0.532501.
[LOG] SystemI::createSoundInternal             : Create name='', mode=0x02000202
[LOG] SystemI::createSoundInternal             : exinfo->cbsize             = 232
[LOG] SystemI::createSoundInternal             : exinfo->length             = 29026752
[LOG] SystemI::createSoundInternal             : exinfo->fileoffset         = 129504
[LOG] SystemI::createSoundInternal             : exinfo->numsubsounds       = 1
[LOG] SystemI::createSoundInternal             : exinfo->inclusionlist      = 000000007DFCF5FC
[LOG] SystemI::createSoundInternal             : exinfo->inclusionlistnum   = 1
[LOG] SystemI::createSoundInternal             : exinfo->suggestedsoundtype = 5
[LOG] SystemI::createSoundInternal             : exinfo->useropen           = 00007FFD6480E310
[LOG] SystemI::createSoundInternal             : exinfo->userclose          = 00007FFD6480E2E0
[LOG] SystemI::createSoundInternal             : exinfo->userread           = 00007FFD6480E3E0
[LOG] SystemI::createSoundInternal             : exinfo->userseek           = 00007FFD6480E490
[LOG] SystemI::createSoundInternal             : exinfo->fileuserdata       = 00000000596E93B8
[LOG] SystemI::createSoundInternal             : exinfo->initialseekpostype = 1
[LOG] SystemI::DSPCodecPoolRegister            : register codec pool for pool type 5
[LOG] SystemI::createSoundInternal             : Sample 0/1: name='zapsplat_foley_cardboard_box_parcel_slide_on_wooden_floor_003_17298', format=2, channels=2, frequency=48000, lengthbytes=17728, lengthpcm=71424, pcmblocksize=0, loopstart=0, loopend=0, mode=0x00000000, channelmask=0x00000000, channelorder=0, peakvolume=0.700775.
[LOG] SystemI::createSoundInternal             : Create name='', mode=0x02000202
[LOG] SystemI::createSoundInternal             : exinfo->cbsize             = 232
[LOG] SystemI::createSoundInternal             : exinfo->length             = 29026752
[LOG] SystemI::createSoundInternal             : exinfo->fileoffset         = 129504
[LOG] SystemI::createSoundInternal             : exinfo->numsubsounds       = 1
[LOG] SystemI::createSoundInternal             : exinfo->inclusionlist      = 000000007DFCF5FC
[LOG] SystemI::createSoundInternal             : exinfo->inclusionlistnum   = 1
[LOG] SystemI::createSoundInternal             : exinfo->suggestedsoundtype = 5
[LOG] SystemI::createSoundInternal             : exinfo->useropen           = 00007FFD6480E310
[LOG] SystemI::createSoundInternal             : exinfo->userclose          = 00007FFD6480E2E0
[LOG] SystemI::createSoundInternal             : exinfo->userread           = 00007FFD6480E3E0
[LOG] SystemI::createSoundInternal             : exinfo->userseek           = 00007FFD6480E490
[LOG] SystemI::createSoundInternal             : exinfo->fileuserdata       = 00000000596E93B8
[LOG] SystemI::createSoundInternal             : exinfo->initialseekpostype = 1
[LOG] SystemI::DSPCodecPoolRegister            : register codec pool for pool type 5
[LOG] SystemI::createSoundInternal             : Sample 0/1: name='zapsplat_warfare_weapon_axe_large_object_swing_swoosh_001', format=2, channels=2, frequency=48000, lengthbytes=5696, lengthpcm=26496, pcmblocksize=0, loopstart=0, loopend=0, mode=0x00000000, channelmask=0x00000000, channelorder=0, peakvolume=0.990753.
[LOG] SystemI::createSoundInternal             : Create name='', mode=0x02000202
[LOG] SystemI::createSoundInternal             : exinfo->cbsize             = 232
[LOG] SystemI::createSoundInternal             : exinfo->length             = 29026752
[LOG] SystemI::createSoundInternal             : exinfo->fileoffset         = 129504
[LOG] SystemI::createSoundInternal             : exinfo->numsubsounds       = 1
[LOG] SystemI::createSoundInternal             : exinfo->inclusionlist      = 000000007DFCF5FC
[LOG] SystemI::createSoundInternal             : exinfo->inclusionlistnum   = 1
[LOG] SystemI::createSoundInternal             : exinfo->suggestedsoundtype = 5
[LOG] SystemI::createSoundInternal             : exinfo->useropen           = 00007FFD6480E310
[LOG] SystemI::createSoundInternal             : exinfo->userclose          = 00007FFD6480E2E0
[LOG] SystemI::createSoundInternal             : exinfo->userread           = 00007FFD6480E3E0
[LOG] SystemI::createSoundInternal             : exinfo->userseek           = 00007FFD6480E490
[LOG] SystemI::createSoundInternal             : exinfo->fileuserdata       = 00000000596E93B8
[LOG] SystemI::createSoundInternal             : exinfo->initialseekpostype = 1
[LOG] SystemI::DSPCodecPoolRegister            : register codec pool for pool type 5
[LOG] SystemI::createSoundInternal             : Sample 0/1: name='Blastwave_FX_Fireball_BW.61110 (1)', format=2, channels=2, frequency=48000, lengthbytes=21568, lengthpcm=116352, pcmblocksize=0, loopstart=0, loopend=0, mode=0x00000000, channelmask=0x00000000, channelorder=0, peakvolume=0.946930.
[LOG] SystemI::createSoundInternal             : Create name='', mode=0x02000202
[LOG] SystemI::createSoundInternal             : exinfo->cbsize             = 232
[LOG] SystemI::createSoundInternal             : exinfo->length             = 29026752
[LOG] SystemI::createSoundInternal             : exinfo->fileoffset         = 129504
[LOG] SystemI::createSoundInternal             : exinfo->numsubsounds       = 1
[LOG] SystemI::createSoundInternal             : exinfo->inclusionlist      = 000000007DFCF5FC
[LOG] SystemI::createSoundInternal             : exinfo->inclusionlistnum   = 1
[LOG] SystemI::createSoundInternal             : exinfo->suggestedsoundtype = 5
[LOG] SystemI::createSoundInternal             : exinfo->useropen           = 00007FFD6480E310
[LOG] SystemI::createSoundInternal             : exinfo->userclose          = 00007FFD6480E2E0
[LOG] SystemI::createSoundInternal             : exinfo->userread           = 00007FFD6480E3E0
[LOG] SystemI::createSoundInternal             : exinfo->userseek           = 00007FFD6480E490
[LOG] SystemI::createSoundInternal             : exinfo->fileuserdata       = 00000000596E93B8
[LOG] SystemI::createSoundInternal             : exinfo->initialseekpostype = 1
[LOG] SystemI::DSPCodecPoolRegister            : register codec pool for pool type 5
[LOG] SystemI::createSoundInternal             : Sample 0/1: name='zapsplat_warfare_weapon_axe_large_object_swing_swoosh_004', format=2, channels=2, frequency=48000, lengthbytes=6560, lengthpcm=31104, pcmblocksize=0, loopstart=0, loopend=0, mode=0x00000000, channelmask=0x00000000, channelorder=0, peakvolume=0.984436.
[LOG] Manager::readBank                        : fileversion = 99, compatVersion = 99 (oldest = 44, newest = 100)
[LOG] SystemI::createSoundInternal             : Create name='', mode=0x02000202
[LOG] SystemI::createSoundInternal             : exinfo->cbsize             = 232
[LOG] SystemI::createSoundInternal             : exinfo->length             = 29026752
[LOG] SystemI::createSoundInternal             : exinfo->fileoffset         = 129504
[LOG] SystemI::createSoundInternal             : exinfo->numsubsounds       = 1
[LOG] SystemI::createSoundInternal             : exinfo->inclusionlist      = 000000007DFCF5FC
[LOG] SystemI::createSoundInternal             : exinfo->inclusionlistnum   = 1
[LOG] SystemI::createSoundInternal             : exinfo->suggestedsoundtype = 5
[LOG] SystemI::createSoundInternal             : exinfo->useropen           = 00007FFD6480E310
[LOG] SystemI::createSoundInternal             : exinfo->userclose          = 00007FFD6480E2E0
[LOG] SystemI::createSoundInternal             : exinfo->userread           = 00007FFD6480E3E0
[LOG] SystemI::createSoundInternal             : exinfo->userseek           = 00007FFD6480E490
[LOG] SystemI::createSoundInternal             : exinfo->fileuserdata       = 00000000596EF138
[LOG] SystemI::createSoundInternal             : exinfo->initialseekpostype = 1
[LOG] SystemI::DSPCodecPoolRegister            : register codec pool for pool type 5
[LOG] SystemI::createSoundInternal             : Sample 0/1: name='hitmarker', format=2, channels=1, frequency=48000, lengthbytes=1440, lengthpcm=5520, pcmblocksize=0, loopstart=0, loopend=0, mode=0x00000000, channelmask=0x00000000, channelorder=0, peakvolume=0.508820.
[LOG] SystemI::createSoundInternal             : Create name='', mode=0x02000202
[LOG] SystemI::createSoundInternal             : exinfo->cbsize             = 232
[LOG] SystemI::createSoundInternal             : exinfo->length             = 29026752
[LOG] SystemI::createSoundInternal             : exinfo->fileoffset         = 129504
[LOG] SystemI::createSoundInternal             : exinfo->numsubsounds       = 1
[LOG] SystemI::createSoundInternal             : exinfo->inclusionlist      = 000000007DFCF5FC
[LOG] SystemI::createSoundInternal             : exinfo->inclusionlistnum   = 1
[LOG] SystemI::createSoundInternal             : exinfo->suggestedsoundtype = 5
[LOG] SystemI::createSoundInternal             : exinfo->useropen           = 00007FFD6480E310
[LOG] SystemI::createSoundInternal             : exinfo->userclose          = 00007FFD6480E2E0
[LOG] SystemI::createSoundInternal             : exinfo->userread           = 00007FFD6480E3E0
[LOG] SystemI::createSoundInternal             : exinfo->userseek           = 00007FFD6480E490
[LOG] SystemI::createSoundInternal             : exinfo->fileuserdata       = 00000000596EF138
[LOG] SystemI::createSoundInternal             : exinfo->initialseekpostype = 1
[LOG] SystemI::DSPCodecPoolRegister            : register codec pool for pool type 5
[LOG] SystemI::createSoundInternal             : Sample 0/1: name='little_robot_sound_factory_fantasy_Goblin_04', format=2, channels=1, frequency=48000, lengthbytes=15744, lengthpcm=79488, pcmblocksize=0, loopstart=0, loopend=0, mode=0x00000000, channelmask=0x00000000, channelorder=0, peakvolume=0.999969.
[LOG] SystemI::createSoundInternal             : Create name='', mode=0x02000202
[LOG] SystemI::createSoundInternal             : exinfo->cbsize             = 232
[LOG] SystemI::createSoundInternal             : exinfo->length             = 29026752
[LOG] SystemI::createSoundInternal             : exinfo->fileoffset         = 129504
[LOG] SystemI::createSoundInternal             : exinfo->numsubsounds       = 1
[LOG] SystemI::createSoundInternal             : exinfo->inclusionlist      = 000000007DFCF5FC
[LOG] SystemI::createSoundInternal             : exinfo->inclusionlistnum   = 1
[LOG] SystemI::createSoundInternal             : exinfo->suggestedsoundtype = 5
[LOG] SystemI::createSoundInternal             : exinfo->useropen           = 00007FFD6480E310
[LOG] SystemI::createSoundInternal             : exinfo->userclose          = 00007FFD6480E2E0
[LOG] SystemI::createSoundInternal             : exinfo->userread           = 00007FFD6480E3E0
[LOG] SystemI::createSoundInternal             : exinfo->userseek           = 00007FFD6480E490
[LOG] SystemI::createSoundInternal             : exinfo->fileuserdata       = 00000000596EF138
[LOG] SystemI::createSoundInternal             : exinfo->initialseekpostype = 1
[LOG] SystemI::DSPCodecPoolRegister            : register codec pool for pool type 5
[LOG] SystemI::createSoundInternal             : Sample 0/1: name='little_robot_sound_factory_fantasy_Goblin_03', format=2, channels=1, frequency=48000, lengthbytes=9664, lengthpcm=50688, pcmblocksize=0, loopstart=0, loopend=0, mode=0x00000000, channelmask=0x00000000, channelorder=0, peakvolume=0.833313.
[LOG] SystemI::createSoundInternal             : Create name='', mode=0x02000202
[LOG] SystemI::createSoundInternal             : exinfo->cbsize             = 232
[LOG] SystemI::createSoundInternal             : exinfo->length             = 29026752
[LOG] SystemI::createSoundInternal             : exinfo->fileoffset         = 129504
[LOG] SystemI::createSoundInternal             : exinfo->numsubsounds       = 1
[LOG] SystemI::createSoundInternal             : exinfo->inclusionlist      = 000000007DFCF5FC
[LOG] SystemI::createSoundInternal             : exinfo->inclusionlistnum   = 1
[LOG] SystemI::createSoundInternal             : exinfo->suggestedsoundtype = 5
[LOG] SystemI::createSoundInternal             : exinfo->useropen           = 00007FFD6480E310
[LOG] SystemI::createSoundInternal             : exinfo->userclose          = 00007FFD6480E2E0
[LOG] SystemI::createSoundInternal             : exinfo->userread           = 00007FFD6480E3E0
[LOG] SystemI::createSoundInternal             : exinfo->userseek           = 00007FFD6480E490
[LOG] SystemI::createSoundInternal             : exinfo->fileuserdata       = 00000000596EF138
[LOG] SystemI::createSoundInternal             : exinfo->initialseekpostype = 1
[LOG] SystemI::DSPCodecPoolRegister            : register codec pool for pool type 5
[LOG] SystemI::createSoundInternal             : Sample 0/1: name='little_robot_sound_factory_fantasy_Goblin_01', format=2, channels=1, frequency=48000, lengthbytes=7072, lengthpcm=38016, pcmblocksize=0, loopstart=0, loopend=0, mode=0x00000000, channelmask=0x00000000, channelorder=0, peakvolume=0.999969.
[LOG] Manager::readBank                        : fileversion = 99, compatVersion = 99 (oldest = 44, newest = 100)
[LOG] SystemI::createSound                     : filename = Assets\Audio\soundFX_all\Build\Desktop/Master Bank.bank : mode 02010082
[LOG] SystemI::createSound                     : FMOD_NONBLOCKING specified.  Putting into queue to be opened asynchronously!
[LOG] SystemI::createSound                     : setdata soundi = 000000000018B3B8 : node = 000000001E5C7080
[LOG] SystemI::createSound                     : add node to async list : head = 000000003FD45EE8.  list count = 0
[LOG] AsyncThread::threadFunc                  : Starting Asynchronous operation on sound 000000000018B3B8
[LOG] SystemI::createSoundInternal             :     Create name='Assets\Audio\soundFX_all\Build\Desktop/Master Bank.bank', mode=0x02010082
[LOG] SystemI::createSoundInternal             :     exinfo->cbsize             = 232
[LOG] SystemI::createSoundInternal             :     exinfo->length             = 29026752
[LOG] SystemI::createSoundInternal             :     exinfo->fileoffset         = 129504
[LOG] SystemI::createSoundInternal             :     exinfo->numsubsounds       = 1
[LOG] SystemI::createSoundInternal             :     exinfo->inclusionlist      = 000000001E5C7198
[LOG] SystemI::createSoundInternal             :     exinfo->inclusionlistnum   = 1
[LOG] SystemI::createSoundInternal             :     exinfo->suggestedsoundtype = 5
[LOG] SystemI::createSoundInternal             :     exinfo->initialseekpostype = 1
[LOG] SystemI::createSoundInternal             :     Stream 0/1: name='plains', format=2, channels=2, frequency=48000, lengthbytes=1620192, lengthpcm=6492577, pcmblocksize=0, loopstart=0, loopend=0, mode=0x00000000, channelmask=0x00000000, channelorder=0, peakvolume=0.251923.
[LOG] AsyncThread::threadFunc                  : Finished Asynchronous operation on sound 000000000018B3B8
[LOG] SoundI::getSubSound                      : sound 000000000018B3B8.  Subsound index 0 / 1
[LOG] Manager::readBank                        : fileversion = 99, compatVersion = 99 (oldest = 44, newest = 100)
[LOG] SystemI::createSound                     : filename = Assets\Audio\soundFX_all\Build\Desktop/Master Bank.bank : mode 02010082
[LOG] SystemI::createSound                     : FMOD_NONBLOCKING specified.  Putting into queue to be opened asynchronously!
[LOG] SystemI::createSound                     : setdata soundi = 000000000018A7E8 : node = 000000001E5C69F0
[LOG] SystemI::createSound                     : add node to async list : head = 000000003FD45EE8.  list count = 0
[LOG] AsyncThread::threadFunc                  : Starting Asynchronous operation on sound 000000000018A7E8
[LOG] SystemI::createSoundInternal             :     Create name='Assets\Audio\soundFX_all\Build\Desktop/Master Bank.bank', mode=0x02010082
[LOG] SystemI::createSoundInternal             :     exinfo->cbsize             = 232
[LOG] SystemI::createSoundInternal             :     exinfo->length             = 29026752
[LOG] SystemI::createSoundInternal             :     exinfo->fileoffset         = 129504
[LOG] SystemI::createSoundInternal             :     exinfo->numsubsounds       = 1
[LOG] SystemI::createSoundInternal             :     exinfo->inclusionlist      = 000000001E5C6B08
[LOG] SystemI::createSoundInternal             :     exinfo->inclusionlistnum   = 1
[LOG] SystemI::createSoundInternal             :     exinfo->suggestedsoundtype = 5
[LOG] SystemI::createSoundInternal             :     exinfo->initialseekpostype = 1
[LOG] SystemI::createSoundInternal             :     Create name='', mode=0x02000202
[LOG] SystemI::createSoundInternal             :     exinfo->cbsize             = 232
[LOG] SystemI::createSoundInternal             :     exinfo->length             = 29026752
[LOG] SystemI::createSoundInternal             :     exinfo->fileoffset         = 129504
[LOG] SystemI::createSoundInternal             :     exinfo->numsubsounds       = 1
[LOG] SystemI::createSoundInternal             :     exinfo->inclusionlist      = 000000007DFCF5FC
[LOG] SystemI::createSoundInternal             :     exinfo->inclusionlistnum   = 1
[LOG] SystemI::createSoundInternal             :     Stream 0/1: name='plains_boss', format=2, channels=2, frequency=48000, lengthbytes=1264992, lengthpcm=4852506, pcmblocksize=0, loopstart=0, loopend=0, mode=0x00000000, channelmask=0x00000000, channelorder=0, peakvolume=0.397491.
[LOG] SystemI::createSoundInternal             :     exinfo->suggestedsoundtype = 5
[LOG] SystemI::createSoundInternal             :     exinfo->useropen           = 00007FFD6480E310
[LOG] SystemI::createSoundInternal             :     exinfo->userclose          = 00007FFD6480E2E0
[LOG] SystemI::createSoundInternal             :     exinfo->userread           = 00007FFD6480E3E0
[LOG] SystemI::createSoundInternal             :     exinfo->userseek           = 00007FFD6480E490
[LOG] SystemI::createSoundInternal             :     exinfo->fileuserdata       = 00000000596E4FB8
[LOG] SystemI::createSoundInternal             :     exinfo->initialseekpostype = 1
[LOG] SystemI::DSPCodecPoolRegister            :     register codec pool for pool type 5
[LOG] SystemI::createSoundInternal             :     Sample 0/1: name='animals_bear_growl_001', format=2, channels=2, frequency=48000, lengthbytes=14816, lengthpcm=61056, pcmblocksize=0, loopstart=0, loopend=0, mode=0x00000000, channelmask=0x00000000, channelorder=0, peakvolume=0.937714.
[LOG] SystemI::createSoundInternal             :     Create name='', mode=0x02000202
[LOG] SystemI::createSoundInternal             :     exinfo->cbsize             = 232
[LOG] SystemI::createSoundInternal             :     exinfo->length             = 29026752
[LOG] SystemI::createSoundInternal             :     exinfo->fileoffset         = 129504
[LOG] SystemI::createSoundInternal             :     exinfo->numsubsounds       = 1
[LOG] SystemI::createSoundInternal             :     exinfo->inclusionlist      = 000000007DFCF5FC
[LOG] SystemI::createSoundInternal             :     exinfo->inclusionlistnum   = 1
[LOG] SystemI::createSoundInternal             :     exinfo->suggestedsoundtype = 5
[LOG] SystemI::createSoundInternal             :     exinfo->useropen           = 00007FFD6480E310
[LOG] SystemI::createSoundInternal             :     exinfo->userclose          = 00007FFD6480E2E0
[LOG] SystemI::createSoundInternal             :     exinfo->userread           = 00007FFD6480E3E0
[LOG] SystemI::createSoundInternal             :     exinfo->userseek           = 00007FFD6480E490
[LOG] SystemI::createSoundInternal             :     exinfo->fileuserdata       = 00000000596E4FB8
[LOG] SystemI::createSoundInternal             :     exinfo->initialseekpostype = 1
[LOG] SystemI::DSPCodecPoolRegister            :     register codec pool for pool type 5
[LOG] SystemI::createSoundInternal             :     Sample 0/1: name='Blastwave_FX_DinosaurFootstep_S011AN.20', format=2, channels=2, frequency=48000, lengthbytes=16480, lengthpcm=103680, pcmblocksize=0, loopstart=0, loopend=0, mode=0x00000000, channelmask=0x00000000, channelorder=0, peakvolume=0.859375.
[LOG] SystemI::createSoundInternal             :     Create name='', mode=0x02000202
[LOG] SystemI::createSoundInternal             :     exinfo->cbsize             = 232
[LOG] SystemI::createSoundInternal             :     exinfo->length             = 29026752
[LOG] SystemI::createSoundInternal             :     exinfo->fileoffset         = 129504
[LOG] SystemI::createSoundInternal             :     exinfo->numsubsounds       = 1
[LOG] SystemI::createSoundInternal             :     exinfo->inclusionlist      = 000000007DFCF5FC
[LOG] SystemI::createSoundInternal             :     exinfo->inclusionlistnum   = 1
[LOG] SystemI::createSoundInternal             :     exinfo->suggestedsoundtype = 5
[LOG] SystemI::createSoundInternal             :     exinfo->useropen           = 00007FFD6480E310
[LOG] SystemI::createSoundInternal             :     exinfo->userclose          = 00007FFD6480E2E0
[LOG] SystemI::createSoundInternal             :     exinfo->userread           = 00007FFD6480E3E0
[LOG] SystemI::createSoundInternal             :     exinfo->userseek           = 00007FFD6480E490
[LOG] SystemI::createSoundInternal             :     exinfo->fileuserdata       = 00000000596E4FB8
[LOG] SystemI::createSoundInternal             :     exinfo->initialseekpostype = 1
[LOG] SystemI::DSPCodecPoolRegister            :     register codec pool for pool type 5
[LOG] SystemI::createSoundInternal             :     Sample 0/1: name='sport_baseball_bat_foam_swipe_001', format=2, channels=2, frequency=48000, lengthbytes=3072, lengthpcm=11520, pcmblocksize=0, loopstart=0, loopend=0, mode=0x00000000, channelmask=0x00000000, channelorder=0, peakvolume=0.943176.
[LOG] SystemI::createSoundInternal             :     Create name='', mode=0x02000202
[LOG] SystemI::createSoundInternal             :     exinfo->cbsize             = 232
[LOG] SystemI::createSoundInternal             :     exinfo->length             = 29026752
[LOG] SystemI::createSoundInternal             :     exinfo->fileoffset         = 129504
[LOG] SystemI::createSoundInternal             :     exinfo->numsubsounds       = 1
[LOG] SystemI::createSoundInternal             :     exinfo->inclusionlist      = 000000007DFCF5FC
[LOG] SystemI::createSoundInternal             :     exinfo->inclusionlistnum   = 1
[LOG] SystemI::createSoundInternal             :     exinfo->suggestedsoundtype = 5
[LOG] SystemI::createSoundInternal             :     exinfo->useropen           = 00007FFD6480E310
[LOG] SystemI::createSoundInternal             :     exinfo->userclose          = 00007FFD6480E2E0
[LOG] SystemI::createSoundInternal             :     exinfo->userread           = 00007FFD6480E3E0
[LOG] SystemI::createSoundInternal             :     exinfo->userseek           = 00007FFD6480E490
[LOG] SystemI::createSoundInternal             :     exinfo->fileuserdata       = 00000000596E4FB8
[LOG] SystemI::createSoundInternal             :     exinfo->initialseekpostype = 1
[LOG] SystemI::DSPCodecPoolRegister            :     register codec pool for pool type 5
[LOG] SystemI::createSoundInternal             :     Sample 0/1: name='articulated_ICE Thin Crushed Crust by Foot 16', format=2, channels=2, frequency=48000, lengthbytes=49152, lengthpcm=133632, pcmblocksize=0, loopstart=0, loopend=0, mode=0x00000000, channelmask=0x00000000, channelorder=0, peakvolume=0.742981.
[LOG] AsyncThread::threadFunc                  : Finished Asynchronous operation on sound 000000000018A7E8
[LOG] SoundI::getSubSound                      : sound 000000000018A7E8.  Subsound index 0 / 1
[LOG] SoundI::release                          : plains (000000000018B3B8)
[LOG] SoundI::release                          :     plains (0000000059734408)
[LOG] SoundI::release                          :     plains (000000000018A638)
[LOG] Manager::readBank                        : fileversion = 99, compatVersion = 99 (oldest = 44, newest = 100)
[LOG] Manager::readBank                        : fileversion = 99, compatVersion = 99 (oldest = 44, newest = 100)
[LOG] Manager::readBank                        : fileversion = 99, compatVersion = 99 (oldest = 44, newest = 100)
[LOG] Manager::readBank                        : fileversion = 99, compatVersion = 99 (oldest = 44, newest = 100)
[LOG] SoundI::release                          : plains_boss (000000000018A7E8)
[LOG] SoundI::release                          :     plains_boss (00000000597348E8)
[LOG] SoundI::release                          :     plains_boss (00000000597353D8)
[LOG] SoundI::release                          :  (000000004EDE1DA8)
[LOG] SoundI::release                          :     little_robot_sound_factory_fantasy_Goblin_01 (0000000059734268)
[LOG] SoundI::release                          :  (000000004EDE17E8)
[LOG] SoundI::release                          :     zapsplat_foley_cardboard_box_parcel_slide_on_wooden_floor_003_17298 (000000000F904268)
[LOG] SoundI::release                          :  (000000004EDE1C38)
[LOG] SoundI::release                          :     zapsplat_warfare_weapon_axe_large_object_swing_swoosh_004 (0000000059734748)
[LOG] SoundI::release                          :  (000000004EDE1228)
[LOG] SoundI::release                          :     soundbits_JustWhoosh3_Whoosh_Fire_008 (000000003FD22EC8)
[LOG] SoundI::release                          :  (000000004EDE0AF8)
[LOG] SoundI::release                          :     Blastwave_FX_Fireball_BW.61110 (1) (0000000059735108)
[LOG] SoundI::release                          :  (00000000132876D8)
[LOG] SoundI::release                          :     jump (000000003FD46A98)
[LOG] SoundI::release                          :  (000000004EDE10B8)
[LOG] SoundI::release                          :     zapsplat_foley_large_stick_drop_on_ground_002_18400 (000000003FD46DD8)
[LOG] SoundI::release                          :  (000000004EDE1398)
[LOG] SoundI::release                          :     zapsplat_warfare_sword_swing_fast_whoosh_metal_002 (000000003FD24A68)
[LOG] SoundI::release                          :  (000000004EDE06A8)
[LOG] SoundI::release                          :     hitmarker (0000000059733D88)
[LOG] SoundI::release                          :  (000000004EDE1F18)
[LOG] SoundI::release                          :     little_robot_sound_factory_fantasy_Goblin_03 (0000000059734A88)
[LOG] SoundI::release                          :  (000000004EDE1958)
[LOG] SoundI::release                          :     zapsplat_warfare_weapon_axe_large_object_swing_swoosh_001 (000000000F9045A8)
[LOG] SoundI::release                          :  (000000004EDE0538)
[LOG] SoundI::release                          :     zapsplat_warfare_sword_swing_fast_whoosh_metal_004 (000000003FD23888)
[LOG] SoundI::release                          :  (000000004EDE0818)
[LOG] SoundI::release                          :     little_robot_sound_factory_fantasy_Goblin_04 (0000000059733F28)
[LOG] SoundI::release                          :  (0000000013287568)
[LOG] SoundI::release                          :     dustyroom_multimedia_simple_select_blip (000000003FD468F8)
[LOG] SoundI::release                          :  (000000004EDE03C8)
[LOG] SoundI::release                          :     sport_baseball_bat_foam_swipe_001 (00000000597340C8)
[LOG] SoundI::release                          :  (000000004EDE0988)
[LOG] SoundI::release                          :     articulated_ICE Thin Crushed Crust by Foot 16 (00000000597345A8)
[LOG] SoundI::release                          :  (000000004EDE00E8)
[LOG] SoundI::release                          :     Blastwave_FX_DinosaurFootstep_S011AN.20 (0000000059733568)
[LOG] SoundI::release                          :  (000000004EDE0C68)
[LOG] SoundI::release                          :     animals_bear_growl_001 (0000000059734C28)
[LOG] SoundI::release                          :  (000000004EDE0258)
[LOG] SoundI::release                          :     take_damage (000000003FD24728)
[LOG] Thread::callback                         : FMOD Studio update thread finished.
[LOG] Thread::callback                         : FMOD Studio bank load thread finished.
[LOG] Profile::disconnectAll                   : Profiler disconnecting all clients
[LOG] Thread::callback                         : FMOD Studio sample load thread finished.
[LOG] LiveUpdate::release                      : 
[LOG] LiveUpdate::reset                        : Reset connection (reason Disconnected)
[LOG] Thread::callback                         : FMOD stream thread finished.
[LOG] Thread::callback                         : FMOD mixer thread finished.
[LOG] Profile::disconnectAll                   : Profiler disconnecting all clients
[LOG] SystemI::close                           : Closed.
[LOG] Manager::readBank                        : fileversion = 99, compatVersion = 99 (oldest = 44, newest = 100)
[LOG] Manager::readBank                        : fileversion = 99, compatVersion = 99 (oldest = 44, newest = 100)
[LOG] Manager::readBank                        : fileversion = 99, compatVersion = 99 (oldest = 44, newest = 100)
[LOG] Manager::readBank                        : fileversion = 99, compatVersion = 99 (oldest = 44, newest = 100)
[LOG] Manager::readBank                        : fileversion = 99, compatVersion = 99 (oldest = 44, newest = 100)
[LOG] Manager::readBank                        : fileversion = 99, compatVersion = 99 (oldest = 44, newest = 100)
[LOG] PlaybackSystem::acquireMasterBus         : Setting master channel group format to 6
